<?xml version="1.0" encoding="UTF-8"?>
<!-- Generated by org.testng.reporters.JUnitReportReporter -->
<testsuite skipped="0" hostname="imransk-PC" name="TestCases.LoginApplicationPF" tests="1" failures="0" timestamp="12 Dec 2019 16:38:50 GMT" time="40.052" errors="0">
  <testcase name="Login" time="40.052" classname="TestCases.LoginApplicationPF"/>
</testsuite> <!-- TestCases.LoginApplicationPF -->
